2024-05-18 15:43:34,437 [INFO] Activator:176 - 


2024-05-18 15:43:34,441 [INFO] Activator:177 - !SESSION log4j initialized
2024-05-18 15:43:37,844 [INFO] LogOutputStream:77 - [STDOUT_REDIRECT] 
2024-05-18 15:43:39,504 [INFO] ApplicationProperties:184 - Using Application install path: C:\ST\STM32CubeIDE_1.15.1\STM32CubeIDE\plugins\com.st.stm32cube.common.mx_6.11.1.202404110753
2024-05-18 15:43:39,520 [INFO] DbMcusXml:78 - Set database path to: C:\ST\STM32CubeIDE_1.15.1\STM32CubeIDE\plugins\com.st.stm32cube.common.mx_6.11.1.202404110753\\db\/mcu/
2024-05-18 15:43:39,521 [INFO] ApiDb:274 - Set plugin database path to: C:\ST\STM32CubeIDE_1.15.1\STM32CubeIDE\plugins\com.st.stm32cube.common.mx_6.11.1.202404110753\\db\/plugins/boardmanager/
2024-05-18 15:43:39,521 [WARN] ApiDb:259 - Overriding images path with different value:  => C:\ST\STM32CubeIDE_1.15.1\STM32CubeIDE\plugins\com.st.stm32cube.common.mx_6.11.1.202404110753\\db\/plugins/mcufinder/images/
2024-05-18 15:43:39,526 [INFO] ApiDb:250 - Set database path to: C:\Users\12826\.stmcufinder\plugins\mcufinder//mcu/
2024-05-18 15:43:39,527 [INFO] DbMcusAds:125 - Set database path to: C:\Users\12826\.stmcufinder\plugins\mcufinder//mcu/
2024-05-18 15:43:39,529 [INFO] CrossReferenceDbSqlite:203 - Set database path to: C:\Users\12826\.stmcufinder\plugins\mcufinder//mcu/cs/
2024-05-18 15:43:39,609 [INFO] RulesReader:64 - Compatibility file has been processed (297 Rules)
2024-05-18 15:43:39,674 [INFO] DbMcusXml:78 - Set database path to: C:\ST\STM32CubeIDE_1.15.1\STM32CubeIDE\plugins\com.st.stm32cube.common.mx_6.11.1.202404110753\\db\/mcu/
2024-05-18 15:43:39,674 [INFO] ApiDb:274 - Set plugin database path to: C:\ST\STM32CubeIDE_1.15.1\STM32CubeIDE\plugins\com.st.stm32cube.common.mx_6.11.1.202404110753\\db\/plugins/boardmanager/
2024-05-18 15:43:39,674 [INFO] ApiDb:261 - Set plugin images path to: C:\ST\STM32CubeIDE_1.15.1\STM32CubeIDE\plugins\com.st.stm32cube.common.mx_6.11.1.202404110753\\db\/plugins/mcufinder/images/
2024-05-18 15:43:39,674 [WARN] DbFile:41 - Overriding database path with different value: C:\Users\12826\.stmcufinder\plugins\mcufinder/ => C:\Users\12826\.stmcufinder\plugins\mcufinder
2024-05-18 15:43:39,674 [INFO] ApiDb:250 - Set database path to: C:\Users\12826\.stmcufinder\plugins\mcufinder//mcu/
2024-05-18 15:43:39,674 [WARN] DbFile:41 - Overriding database path with different value: C:\Users\12826\.stmcufinder\plugins\mcufinder/ => C:\Users\12826\.stmcufinder\plugins\mcufinder
2024-05-18 15:43:39,674 [INFO] DbMcusAds:125 - Set database path to: C:\Users\12826\.stmcufinder\plugins\mcufinder//mcu/
2024-05-18 15:43:39,674 [WARN] DbFile:41 - Overriding database path with different value: C:\Users\12826\.stmcufinder\plugins\mcufinder/ => C:\Users\12826\.stmcufinder\plugins\mcufinder
2024-05-18 15:43:39,674 [WARN] DbFile:41 - Overriding database path with different value: C:\Users\12826\.stmcufinder\plugins\mcufinder/ => C:\Users\12826\.stmcufinder\plugins\mcufinder
2024-05-18 15:43:39,674 [INFO] CrossReferenceDbSqlite:203 - Set database path to: C:\Users\12826\.stmcufinder\plugins\mcufinder//mcu/cs/
2024-05-18 15:43:39,738 [INFO] MainPanel:264 - HeapMemory: 268435456
2024-05-18 15:43:39,817 [INFO] DbMcusXml:78 - Set database path to: C:\ST\STM32CubeIDE_1.15.1\STM32CubeIDE\plugins\com.st.stm32cube.common.mx_6.11.1.202404110753\\db\/mcu/
2024-05-18 15:43:39,817 [INFO] ApiDb:274 - Set plugin database path to: C:\ST\STM32CubeIDE_1.15.1\STM32CubeIDE\plugins\com.st.stm32cube.common.mx_6.11.1.202404110753\\db\/plugins/boardmanager/
2024-05-18 15:43:39,817 [INFO] ApiDb:261 - Set plugin images path to: C:\ST\STM32CubeIDE_1.15.1\STM32CubeIDE\plugins\com.st.stm32cube.common.mx_6.11.1.202404110753\\db\/plugins/mcufinder/images/
2024-05-18 15:43:39,818 [WARN] DbFile:41 - Overriding database path with different value: C:\Users\12826\.stmcufinder\plugins\mcufinder/ => C:\Users\12826\.stmcufinder\plugins\mcufinder
2024-05-18 15:43:39,818 [INFO] ApiDb:250 - Set database path to: C:\Users\12826\.stmcufinder\plugins\mcufinder//mcu/
2024-05-18 15:43:39,818 [WARN] DbFile:41 - Overriding database path with different value: C:\Users\12826\.stmcufinder\plugins\mcufinder/ => C:\Users\12826\.stmcufinder\plugins\mcufinder
2024-05-18 15:43:39,818 [INFO] DbMcusAds:125 - Set database path to: C:\Users\12826\.stmcufinder\plugins\mcufinder//mcu/
2024-05-18 15:43:39,818 [WARN] DbFile:41 - Overriding database path with different value: C:\Users\12826\.stmcufinder\plugins\mcufinder/ => C:\Users\12826\.stmcufinder\plugins\mcufinder
2024-05-18 15:43:39,818 [WARN] DbFile:41 - Overriding database path with different value: C:\Users\12826\.stmcufinder\plugins\mcufinder/ => C:\Users\12826\.stmcufinder\plugins\mcufinder
2024-05-18 15:43:39,818 [INFO] CrossReferenceDbSqlite:203 - Set database path to: C:\Users\12826\.stmcufinder\plugins\mcufinder//mcu/cs/
2024-05-18 15:43:39,832 [INFO] ApplicationProperties:184 - Using Application install path: C:\ST\STM32CubeIDE_1.15.1\STM32CubeIDE\plugins\com.st.stm32cube.common.mx_6.11.1.202404110753
2024-05-18 15:43:39,833 [INFO] PluginManage:196 - Search for loadable plugins [exclusion list=, ]
2024-05-18 15:43:39,834 [INFO] PluginManage:310 - Check plugin analytics
2024-05-18 15:43:39,981 [INFO] AnalyticsPlugin:253 - Accepted Software Licenses: 
2024-05-18 15:43:39,982 [INFO] AnalyticsPlugin:255 - Accepted CMSIS Pack Licenses: 
2024-05-18 15:43:39,982 [INFO] AnalyticsPlugin:257 - Accepted Firmware Licenses: FW.F4.1.28.0
2024-05-18 15:43:39,985 [INFO] PluginManage:359 - Loaded plugin analytics (category:tool,tabindex:-1)
2024-05-18 15:43:39,986 [INFO] PluginManage:310 - Check plugin cadmodel
2024-05-18 15:43:39,993 [INFO] CADModel:105 - Init CAD model plugin
2024-05-18 15:43:39,993 [INFO] PluginManage:359 - Loaded plugin cadmodel (category:power,tabindex:5)
2024-05-18 15:43:39,993 [INFO] PluginManage:310 - Check plugin clock
2024-05-18 15:43:40,007 [INFO] PluginManage:359 - Loaded plugin clock (category:base,tabindex:2)
2024-05-18 15:43:40,007 [INFO] PluginManage:310 - Check plugin ddr
2024-05-18 15:43:40,010 [INFO] PluginManage:359 - Loaded plugin ddr (category:tool,tabindex:6)
2024-05-18 15:43:40,010 [INFO] PluginManage:310 - Check plugin filemanager
2024-05-18 15:43:40,149 [INFO] PluginManage:359 - Loaded plugin filemanager (category:base,tabindex:10)
2024-05-18 15:43:40,149 [INFO] PluginManage:310 - Check plugin ipmanager
2024-05-18 15:43:40,155 [INFO] PluginManage:359 - Loaded plugin ipmanager (category:base,tabindex:5)
2024-05-18 15:43:40,156 [INFO] PluginManage:310 - Check plugin lpbam
2024-05-18 15:43:40,163 [INFO] PluginManage:359 - Loaded plugin lpbam (category:base,tabindex:0)
2024-05-18 15:43:40,163 [INFO] PluginManage:310 - Check plugin memorymap
2024-05-18 15:43:40,175 [INFO] PluginManage:359 - Loaded plugin memorymap (category:base,tabindex:4)
2024-05-18 15:43:40,175 [INFO] PluginManage:310 - Check plugin pinoutandconfiguration
2024-05-18 15:43:40,182 [INFO] PluginManage:359 - Loaded plugin pinoutandconfiguration (category:base,tabindex:1)
2024-05-18 15:43:40,182 [INFO] PluginManage:310 - Check plugin pinoutconfig
2024-05-18 15:43:40,254 [WARN] SupportedApi:132 - Cannot load RTOS API schema: s4s-elt-must-match.1: The content of 'definitions' must match (annotation?, (simpleType | complexType)?, (unique | key | keyref)*)). A problem was found starting at: attribute.
2024-05-18 15:43:40,352 [INFO] PluginManage:359 - Loaded plugin pinoutconfig (category:base,tabindex:0)
2024-05-18 15:43:40,352 [INFO] PluginManage:310 - Check plugin power
2024-05-18 15:43:40,361 [INFO] PluginManage:359 - Loaded plugin power (category:power,tabindex:4)
2024-05-18 15:43:40,361 [INFO] PluginManage:310 - Check plugin projectmanager
2024-05-18 15:43:40,373 [INFO] PluginManage:359 - Loaded plugin projectmanager (category:projectmanager,tabindex:3)
2024-05-18 15:43:40,373 [INFO] PluginManage:310 - Check plugin thirdparty
2024-05-18 15:43:40,464 [INFO] PluginManage:359 - Loaded plugin thirdparty (category:base,tabindex:-1)
2024-05-18 15:43:40,464 [WARN] IntegrityCheckThread:84 - waiting for thirdparty lock release [integrity check]
2024-05-18 15:43:40,465 [INFO] PluginManage:310 - Check plugin tools
2024-05-18 15:43:40,465 [INFO] IntegrityCheckThread:86 - entering critical section [integrity check]
2024-05-18 15:43:40,465 [INFO] ThirdPartyUpdaterWithRetryManager:70 - Updater plugin not ready yet. [1/15]
2024-05-18 15:43:40,467 [INFO] PluginManage:359 - Loaded plugin tools (category:base,tabindex:7)
2024-05-18 15:43:40,467 [INFO] PluginManage:310 - Check plugin tutovideos
2024-05-18 15:43:40,644 [INFO] PluginManage:359 - Loaded plugin tutovideos (category:base,tabindex:-1)
2024-05-18 15:43:40,644 [INFO] PluginManage:310 - Check plugin updater
2024-05-18 15:43:40,653 [INFO] PluginManage:359 - Loaded plugin updater (category:base,tabindex:12)
2024-05-18 15:43:40,653 [INFO] PluginManage:310 - Check plugin userauth
2024-05-18 15:43:40,657 [INFO] UserAuth:114 - Init User Auth plugin
2024-05-18 15:43:40,657 [INFO] PluginManage:359 - Loaded plugin userauth (category:base,tabindex:14)
2024-05-18 15:43:40,657 [INFO] PluginManage:283 - PluginManage : Loaded plugins [17]
2024-05-18 15:43:40,819 [INFO] PinOutPanel:1561 - setPackage(No Configuration,No Configuration)
2024-05-18 15:43:40,874 [INFO] CADModel:165 - CPN selected for project level
2024-05-18 15:43:40,874 [INFO] CADModel:114 - Register for checkConnection events
2024-05-18 15:43:40,888 [INFO] IPUIPlugin:80 - create IPUIPlugin
2024-05-18 15:43:40,889 [INFO] PluginManager:220 - loadIPPluginJar : add adc
2024-05-18 15:43:40,890 [INFO] IPUIPlugin:80 - create IPUIPlugin
2024-05-18 15:43:40,890 [INFO] PluginManager:220 - loadIPPluginJar : add aes
2024-05-18 15:43:40,892 [INFO] IPUIPlugin:80 - create IPUIPlugin
2024-05-18 15:43:40,892 [INFO] PluginManager:220 - loadIPPluginJar : add can
2024-05-18 15:43:40,893 [INFO] IPUIPlugin:80 - create IPUIPlugin
2024-05-18 15:43:40,893 [INFO] PluginManager:220 - loadIPPluginJar : add comp
2024-05-18 15:43:40,895 [INFO] IPUIPlugin:80 - create IPUIPlugin
2024-05-18 15:43:40,895 [INFO] PluginManager:220 - loadIPPluginJar : add cryp
2024-05-18 15:43:40,896 [INFO] IPUIPlugin:80 - create IPUIPlugin
2024-05-18 15:43:40,896 [INFO] PluginManager:220 - loadIPPluginJar : add dfsdm
2024-05-18 15:43:40,900 [INFO] IPUIPlugin:80 - create IPUIPlugin
2024-05-18 15:43:40,901 [INFO] PluginManager:220 - loadIPPluginJar : add dma
2024-05-18 15:43:40,902 [INFO] IPUIPlugin:80 - create IPUIPlugin
2024-05-18 15:43:40,902 [INFO] PluginManager:220 - loadIPPluginJar : add dma3
2024-05-18 15:43:40,904 [INFO] IPUIPlugin:80 - create IPUIPlugin
2024-05-18 15:43:40,904 [INFO] PluginManager:220 - loadIPPluginJar : add extmemmanager
2024-05-18 15:43:40,905 [INFO] IPUIPlugin:80 - create IPUIPlugin
2024-05-18 15:43:40,905 [INFO] PluginManager:220 - loadIPPluginJar : add fatfs
2024-05-18 15:43:40,907 [INFO] IPUIPlugin:80 - create IPUIPlugin
2024-05-18 15:43:40,907 [INFO] PluginManager:220 - loadIPPluginJar : add fmc
2024-05-18 15:43:40,911 [INFO] IPUIPlugin:80 - create IPUIPlugin
2024-05-18 15:43:40,912 [INFO] PluginManager:220 - loadIPPluginJar : add freertos
2024-05-18 15:43:40,912 [INFO] IPUIPlugin:80 - create IPUIPlugin
2024-05-18 15:43:40,913 [INFO] PluginManager:220 - loadIPPluginJar : add genericplugin
2024-05-18 15:43:40,915 [INFO] IPUIPlugin:80 - create IPUIPlugin
2024-05-18 15:43:40,915 [INFO] PluginManager:220 - loadIPPluginJar : add gfxmmu
2024-05-18 15:43:40,918 [INFO] IPUIPlugin:80 - create IPUIPlugin
2024-05-18 15:43:40,918 [INFO] PluginManager:220 - loadIPPluginJar : add gic
2024-05-18 15:43:40,921 [INFO] IPUIPlugin:80 - create IPUIPlugin
2024-05-18 15:43:40,921 [INFO] PluginManager:220 - loadIPPluginJar : add gpio
2024-05-18 15:43:40,923 [INFO] IPUIPlugin:80 - create IPUIPlugin
2024-05-18 15:43:40,923 [INFO] PluginManager:220 - loadIPPluginJar : add gtzc
2024-05-18 15:43:40,925 [INFO] IPUIPlugin:80 - create IPUIPlugin
2024-05-18 15:43:40,925 [INFO] PluginManager:220 - loadIPPluginJar : add hash
2024-05-18 15:43:40,927 [INFO] IPUIPlugin:80 - create IPUIPlugin
2024-05-18 15:43:40,927 [INFO] PluginManager:220 - loadIPPluginJar : add i2c
2024-05-18 15:43:40,929 [INFO] IPUIPlugin:80 - create IPUIPlugin
2024-05-18 15:43:40,929 [INFO] PluginManager:220 - loadIPPluginJar : add i2s
2024-05-18 15:43:40,930 [INFO] IPUIPlugin:80 - create IPUIPlugin
2024-05-18 15:43:40,931 [INFO] PluginManager:220 - loadIPPluginJar : add i3c
2024-05-18 15:43:40,933 [INFO] IPUIPlugin:80 - create IPUIPlugin
2024-05-18 15:43:40,933 [INFO] PluginManager:220 - loadIPPluginJar : add ipddr
2024-05-18 15:43:40,937 [INFO] IPUIPlugin:80 - create IPUIPlugin
2024-05-18 15:43:40,937 [INFO] PluginManager:220 - loadIPPluginJar : add linkedlist
2024-05-18 15:43:40,939 [INFO] IPUIPlugin:80 - create IPUIPlugin
2024-05-18 15:43:40,939 [INFO] PluginManager:220 - loadIPPluginJar : add lorawan
2024-05-18 15:43:40,940 [INFO] IPUIPlugin:80 - create IPUIPlugin
2024-05-18 15:43:40,940 [INFO] PluginManager:220 - loadIPPluginJar : add ltdc
2024-05-18 15:43:40,944 [INFO] IPUIPlugin:80 - create IPUIPlugin
2024-05-18 15:43:40,945 [INFO] PluginManager:220 - loadIPPluginJar : add mdma
2024-05-18 15:43:40,947 [INFO] IPUIPlugin:80 - create IPUIPlugin
2024-05-18 15:43:40,947 [INFO] PluginManager:220 - loadIPPluginJar : add nvic
2024-05-18 15:43:40,949 [INFO] IPUIPlugin:80 - create IPUIPlugin
2024-05-18 15:43:40,949 [INFO] PluginManager:220 - loadIPPluginJar : add opamp
2024-05-18 15:43:40,950 [INFO] IPUIPlugin:80 - create IPUIPlugin
2024-05-18 15:43:40,950 [INFO] PluginManager:220 - loadIPPluginJar : add openamp
2024-05-18 15:43:40,952 [INFO] IPUIPlugin:80 - create IPUIPlugin
2024-05-18 15:43:40,952 [INFO] PluginManager:220 - loadIPPluginJar : add pdm2pcm
2024-05-18 15:43:40,956 [INFO] IPUIPlugin:80 - create IPUIPlugin
2024-05-18 15:43:40,958 [INFO] PluginManager:220 - loadIPPluginJar : add plateformsettings
2024-05-18 15:43:40,959 [INFO] IPUIPlugin:80 - create IPUIPlugin
2024-05-18 15:43:40,959 [INFO] PluginManager:220 - loadIPPluginJar : add quadspi
2024-05-18 15:43:40,962 [INFO] IPUIPlugin:80 - create IPUIPlugin
2024-05-18 15:43:40,962 [INFO] PluginManager:220 - loadIPPluginJar : add resmgrutility
2024-05-18 15:43:40,964 [INFO] IPUIPlugin:80 - create IPUIPlugin
2024-05-18 15:43:40,964 [INFO] PluginManager:220 - loadIPPluginJar : add sai
2024-05-18 15:43:40,965 [INFO] IPUIPlugin:80 - create IPUIPlugin
2024-05-18 15:43:40,965 [INFO] PluginManager:220 - loadIPPluginJar : add spi
2024-05-18 15:43:40,968 [INFO] IPUIPlugin:80 - create IPUIPlugin
2024-05-18 15:43:40,968 [INFO] PluginManager:220 - loadIPPluginJar : add stm32_wpan
2024-05-18 15:43:40,970 [INFO] IPUIPlugin:80 - create IPUIPlugin
2024-05-18 15:43:40,970 [INFO] PluginManager:220 - loadIPPluginJar : add tim
2024-05-18 15:43:40,972 [INFO] IPUIPlugin:80 - create IPUIPlugin
2024-05-18 15:43:40,972 [INFO] PluginManager:220 - loadIPPluginJar : add touchsensing
2024-05-18 15:43:40,973 [INFO] IPUIPlugin:80 - create IPUIPlugin
2024-05-18 15:43:40,974 [INFO] PluginManager:220 - loadIPPluginJar : add tracer_emb
2024-05-18 15:43:40,975 [INFO] IPUIPlugin:80 - create IPUIPlugin
2024-05-18 15:43:40,975 [INFO] PluginManager:220 - loadIPPluginJar : add ts
2024-05-18 15:43:40,976 [INFO] IPUIPlugin:80 - create IPUIPlugin
2024-05-18 15:43:40,976 [INFO] PluginManager:220 - loadIPPluginJar : add tsc
2024-05-18 15:43:40,977 [INFO] IPUIPlugin:80 - create IPUIPlugin
2024-05-18 15:43:40,978 [INFO] PluginManager:220 - loadIPPluginJar : add ucpd
2024-05-18 15:43:40,980 [INFO] IPUIPlugin:80 - create IPUIPlugin
2024-05-18 15:43:40,980 [INFO] PluginManager:220 - loadIPPluginJar : add usart
2024-05-18 15:43:40,982 [INFO] IPUIPlugin:80 - create IPUIPlugin
2024-05-18 15:43:40,982 [INFO] PluginManager:220 - loadIPPluginJar : add usbx
2024-05-18 15:43:41,090 [INFO] CADModel:165 - CPN selected for project level
2024-05-18 15:43:41,090 [INFO] CADModel:114 - Register for checkConnection events
2024-05-18 15:43:41,090 [FATAL] Updater:308 - Updater called before beeing initialized
2024-05-18 15:43:41,091 [ERROR] CADModel:125 - Updater not yet initialized, retry later 
2024-05-18 15:43:41,193 [INFO] CADModel:165 - CPN selected for project level
2024-05-18 15:43:41,193 [INFO] CADModel:114 - Register for checkConnection events
2024-05-18 15:43:41,193 [FATAL] Updater:308 - Updater called before beeing initialized
2024-05-18 15:43:41,193 [ERROR] CADModel:125 - Updater not yet initialized, retry later 
2024-05-18 15:43:41,195 [FATAL] Updater:308 - Updater called before beeing initialized
2024-05-18 15:43:41,261 [FATAL] Updater:308 - Updater called before beeing initialized
2024-05-18 15:43:41,264 [INFO] DbMcusAds:53 - JSON generation date=Thu May 02 16:37:29 CST 2024 (1714639049318)
2024-05-18 15:43:41,264 [FATAL] Updater:308 - Updater called before beeing initialized
2024-05-18 15:43:41,297 [WARN] DetailPanel:346 - Failed to get advertising image, set to default
2024-05-18 15:43:41,364 [FATAL] Updater:308 - Updater called before beeing initialized
2024-05-18 15:43:41,366 [FATAL] Updater:308 - Updater called before beeing initialized
2024-05-18 15:43:41,366 [FATAL] Updater:308 - Updater called before beeing initialized
2024-05-18 15:43:41,366 [WARN] DetailPanel:346 - Failed to get advertising image, set to default
2024-05-18 15:43:41,367 [FATAL] Updater:308 - Updater called before beeing initialized
2024-05-18 15:43:41,402 [ERROR] Updater:1120 - MainUpdater not yet initialized. External WinMGr cannot be set.
2024-05-18 15:43:41,404 [INFO] Updater:1056 - Updater Version found : 6.11.1
2024-05-18 15:43:41,432 [INFO] ApplicationProperties:184 - Using Application install path: C:\ST\STM32CubeIDE_1.15.1\STM32CubeIDE\plugins\com.st.stm32cube.common.mx_6.11.1.202404110753
2024-05-18 15:43:43,014 [ERROR] LogOutputStream:75 - [STDERR_REDIRECT] May 18, 2024 3:43:43 PM java.util.prefs.WindowsPreferences <init>
2024-05-18 15:43:43,015 [ERROR] LogOutputStream:75 - [STDERR_REDIRECT] WARNING: Could not open/create prefs root node Software\JavaSoft\Prefs at root 0xffffffff80000002. Windows RegCreateKeyEx(...) returned error code 5.
2024-05-18 15:43:43,015 [ERROR] LogOutputStream:75 - [STDERR_REDIRECT] 
2024-05-18 15:43:43,311 [INFO] MainUpdater:2873 - connection check result : 10
2024-05-18 15:43:43,312 [INFO] MainUpdater:290 - Updater Check For Update Now.
2024-05-18 15:43:43,312 [INFO] MicroXplorer:498 - Change Database Version : DB.6.0.111
2024-05-18 15:43:43,317 [INFO] McuFinderGlobals:63 - Set McuFinder mode to 2 (CubeIDE integrated)
2024-05-18 15:43:43,321 [INFO] UserAuth:415 - Internet connection configuration mode: 1
2024-05-18 15:43:43,342 [INFO] JxBrowserEngine:152 - Initiate JxBrowser Engine with user profile folder
2024-05-18 15:43:43,465 [INFO] CheckServerUpdateThread:120 - End of CheckServer Thread
2024-05-18 15:43:43,859 [WARN] PackLoader:240 - Cannot read IP mode file for STMicroelectronics.FP-SNS-MOTENVWB1.1.4.0
2024-05-18 15:43:43,866 [WARN] PackLoader:240 - Cannot read IP mode file for STMicroelectronics.X-CUBE-SMBUS.2.1.0
2024-05-18 15:43:43,869 [WARN] PackLoader:240 - Cannot read IP mode file for STMicroelectronics.X-CUBE-TOUCHGFX.4.23.2
2024-05-18 15:43:43,887 [WARN] PackLoader:240 - Cannot read IP mode file for STMicroelectronics.X-CUBE-AZRTOS-F7.1.1.0
2024-05-18 15:43:43,894 [WARN] PackLoader:240 - Cannot read IP mode file for STMicroelectronics.FP-SNS-FLIGHT1.5.0.2
2024-05-18 15:43:43,902 [WARN] PackLoader:240 - Cannot read IP mode file for STMicroelectronics.X-CUBE-DISPLAY.3.0.0
2024-05-18 15:43:43,914 [WARN] PackLoader:240 - Cannot read IP mode file for STMicroelectronics.X-CUBE-BLE1.7.0.0
2024-05-18 15:43:43,918 [WARN] PackLoader:240 - Cannot read IP mode file for emotas.I-CUBE-CANOPEN.1.3.0
2024-05-18 15:43:43,925 [WARN] PackLoader:240 - Cannot read IP mode file for STMicroelectronics.X-CUBE-BLEMGR.3.1.0
2024-05-18 15:43:43,935 [WARN] PackLoader:240 - Cannot read IP mode file for STMicroelectronics.FP-SNS-SMARTAG2.1.2.0
2024-05-18 15:43:43,947 [INFO] LogOutputStream:77 - [STDOUT_REDIRECT] 1 : Invalid condition id : UX_CORESTACK_Condition cause : null
2024-05-18 15:43:43,947 [INFO] LogOutputStream:77 - [STDOUT_REDIRECT] 1 : Invalid condition id : UX_CORESTACK_Condition cause : null
2024-05-18 15:43:43,949 [INFO] LogOutputStream:77 - [STDOUT_REDIRECT] 1 : Invalid condition id : UX_CORESTACK_Condition cause : null
2024-05-18 15:43:43,950 [INFO] LogOutputStream:77 - [STDOUT_REDIRECT] 1 : Invalid condition id : UX_CORESTACK_Condition cause : null
2024-05-18 15:43:43,951 [INFO] LogOutputStream:77 - [STDOUT_REDIRECT] 1 : Invalid condition id : UX_CORESTACK_Condition cause : null
2024-05-18 15:43:43,953 [WARN] PackLoader:240 - Cannot read IP mode file for STMicroelectronics.X-CUBE-AZRTOS-WL.2.0.0
2024-05-18 15:43:43,959 [WARN] PackLoader:240 - Cannot read IP mode file for STMicroelectronics.FP-SNS-MOTENV1.5.0.0
2024-05-18 15:43:43,968 [WARN] PackLoader:240 - Cannot read IP mode file for WES.I-CUBE-Cesium.1.3.0
2024-05-18 15:43:43,975 [WARN] PackLoader:240 - Cannot read IP mode file for STMicroelectronics.X-CUBE-BLE2.3.3.0
2024-05-18 15:43:43,983 [WARN] PackLoader:240 - Cannot read IP mode file for STMicroelectronics.X-CUBE-TCPP.4.1.0
2024-05-18 15:43:44,004 [WARN] PackLoader:240 - Cannot read IP mode file for STMicroelectronics.X-CUBE-AZRTOS-G0.1.1.0
2024-05-18 15:43:44,017 [WARN] PackLoader:240 - Cannot read IP mode file for STMicroelectronics.X-CUBE-SAFEA1.1.2.2
2024-05-18 15:43:44,024 [WARN] PackLoader:240 - Cannot read IP mode file for STMicroelectronics.X-CUBE-NFC4.3.0.0
2024-05-18 15:43:44,030 [WARN] PackLoader:240 - Cannot read IP mode file for wolfSSL.I-CUBE-wolfSSL.5.7.0
2024-05-18 15:43:44,033 [WARN] PackLoader:240 - Cannot read IP mode file for STMicroelectronics.FP-ATR-SIGFOX1.3.2.0
2024-05-18 15:43:44,039 [WARN] PackLoader:240 - Cannot read IP mode file for STMicroelectronics.X-CUBE-EEPRMA1.5.1.0
2024-05-18 15:43:44,048 [WARN] PackLoader:240 - Cannot read IP mode file for ITTIA_DB.I-CUBE-ITTIADB.8.9.0
2024-05-18 15:43:44,075 [WARN] PackLoader:240 - Cannot read IP mode file for SEGGER.I-CUBE-embOS.1.3.1
2024-05-18 15:43:44,115 [WARN] PackLoader:240 - Cannot read IP mode file for STMicroelectronics.X-CUBE-ALGOBUILD.1.4.0
2024-05-18 15:43:44,121 [WARN] PackLoader:240 - Cannot read IP mode file for STMicroelectronics.X-CUBE-GNSS1.6.0.0
2024-05-18 15:43:44,133 [WARN] PackLoader:240 - Cannot read IP mode file for STMicroelectronics.X-CUBE-AZRTOS-F4.1.1.0
2024-05-18 15:43:44,139 [WARN] PackLoader:240 - Cannot read IP mode file for STMicroelectronics.X-CUBE-FREERTOS.1.2.0
2024-05-18 15:43:44,151 [WARN] PackLoader:240 - Cannot read IP mode file for STMicroelectronics.X-CUBE-AZRTOS-L5.2.0.0
2024-05-18 15:43:44,162 [WARN] PackLoader:240 - Cannot read IP mode file for STMicroelectronics.X-CUBE-NFC6.3.1.0
2024-05-18 15:43:44,168 [WARN] PackLoader:240 - Cannot read IP mode file for STMicroelectronics.X-CUBE-AI.9.0.0
2024-05-18 15:43:44,174 [WARN] PackLoader:240 - Cannot read IP mode file for STMicroelectronics.X-CUBE-NFC7.1.0.1
2024-05-18 15:43:44,192 [WARN] ConditionMgr:438 - getConditionDescription Invalid condition id : LAN8742 Phy interface Condition cause : null
2024-05-18 15:43:44,192 [WARN] PackLoader:240 - Cannot read IP mode file for STMicroelectronics.X-CUBE-AZRTOS-L4.2.0.0
2024-05-18 15:43:44,193 [WARN] ConditionMgr:1039 - genDependencies : Invalid condition id : LAN8742 Phy interface Condition cause : null
2024-05-18 15:43:44,194 [WARN] ConditionMgr:1039 - genDependencies : Invalid condition id : LAN8742 Phy interface Condition cause : null
2024-05-18 15:43:44,194 [WARN] ConditionMgr:1039 - genDependencies : Invalid condition id : LAN8742 Phy interface Condition cause : null
2024-05-18 15:43:44,203 [WARN] PackLoader:240 - Cannot read IP mode file for STMicroelectronics.X-CUBE-SFXS2LP1.4.0.0
2024-05-18 15:43:44,228 [WARN] ConditionMgr:438 - getConditionDescription Invalid condition id : UX DEVICE CLASS RTOS Condition cause : null
2024-05-18 15:43:44,228 [WARN] ConditionMgr:438 - getConditionDescription Invalid condition id : UX DEVICE CLASS RTOS Condition cause : null
2024-05-18 15:43:44,230 [WARN] PackLoader:240 - Cannot read IP mode file for STMicroelectronics.X-CUBE-AZRTOS-WB.2.0.0
2024-05-18 15:43:44,231 [WARN] ConditionMgr:1039 - genDependencies : Invalid condition id : UX DEVICE CLASS RTOS Condition cause : null
2024-05-18 15:43:44,231 [WARN] ConditionMgr:1039 - genDependencies : Invalid condition id : UX DEVICE CLASS RTOS Condition cause : null
2024-05-18 15:43:44,231 [WARN] ConditionMgr:1039 - genDependencies : Invalid condition id : UX DEVICE CLASS RTOS Condition cause : null
2024-05-18 15:43:44,232 [WARN] ConditionMgr:1039 - genDependencies : Invalid condition id : UX DEVICE CLASS RTOS Condition cause : null
2024-05-18 15:43:44,232 [WARN] ConditionMgr:1039 - genDependencies : Invalid condition id : UX DEVICE CLASS RTOS Condition cause : null
2024-05-18 15:43:44,241 [WARN] PackLoader:240 - Cannot read IP mode file for STMicroelectronics.X-CUBE-SUBG2.5.0.0
2024-05-18 15:43:44,249 [WARN] PackLoader:240 - Cannot read IP mode file for Cesanta.I-CUBE-Mongoose.7.13.0
2024-05-18 15:43:44,259 [WARN] PackLoader:240 - Cannot read IP mode file for STMicroelectronics.X-CUBE-AZRTOS-G4.2.0.0
2024-05-18 15:43:44,261 [INFO] WebApp:161 - Instantiating new browser for Auth
2024-05-18 15:43:44,265 [WARN] PackLoader:240 - Cannot read IP mode file for STMicroelectronics.X-CUBE-ISPU.2.0.0
2024-05-18 15:43:44,302 [WARN] PackLoader:240 - Cannot read IP mode file for STMicroelectronics.X-CUBE-MEMS1.10.0.0
2024-05-18 15:43:44,408 [WARN] PackLoader:240 - Cannot read IP mode file for portGmbH.I-Cube-SoM-uGOAL.1.1.0
2024-05-18 15:43:44,413 [WARN] PackLoader:240 - Cannot read IP mode file for STMicroelectronics.X-CUBE-ALS.1.0.1
2024-05-18 15:43:44,430 [WARN] PackLoader:240 - Cannot read IP mode file for STMicroelectronics.X-CUBE-AZRTOS-H7RS.1.0.0
2024-05-18 15:43:44,437 [WARN] PackLoader:240 - Cannot read IP mode file for STMicroelectronics.FP-ATR-ASTRA1.2.0.0
2024-05-18 15:43:44,446 [WARN] PackLoader:240 - Cannot read IP mode file for STMicroelectronics.X-CUBE-TOF1.3.4.1
2024-05-18 15:43:44,467 [WARN] PackLoader:240 - Cannot read IP mode file for STMicroelectronics.X-CUBE-AZRTOS-H7.3.2.0
2024-05-18 15:43:44,484 [WARN] PackLoader:240 - Cannot read IP mode file for Infineon.AIROC-Wi-Fi-Bluetooth-STM32.1.6.0
2024-05-18 15:43:44,493 [INFO] ThirdParty:978 - Integrity check success = true
2024-05-18 15:43:44,493 [INFO] IntegrityCheckThread:100 - exiting critical section [integrity check]
2024-05-18 15:43:44,493 [INFO] IntegrityCheckThread:103 - End integrity checks thread
2024-05-18 15:43:44,946 [INFO] WebApp:779 - Register for checkConnection events
2024-05-18 15:43:44,947 [INFO] WebApp:414 - Apply proxy settings
2024-05-18 15:43:44,947 [INFO] WebApp:499 - Chromium requires no authentication
2024-05-18 15:43:44,953 [INFO] WebApp:442 - Direct internet connection detected
2024-05-18 15:43:45,071 [INFO] WebApp:192 - Starting web application
2024-05-18 15:43:45,072 [INFO] WebApp:544 - Web application path used C:\ST\STM32CubeIDE_1.15.1\STM32CubeIDE\plugins\com.st.stm32cube.common.mx_6.11.1.202404110753\db\plugins\mcufinder\reactClient1\index.html
